# JRE version: Java(TM) SE Runtime Environment (8.0_171-b11) (build 1.8.0_171-b11)
# Java VM: Java HotSpot(TM) 64-Bit Server VM (25.171-b11 mixed mode bsd-amd64 compressed oops)
Heap:
 PSYoungGen      total 132096K, used 25330K [0x00000007b5580000, 0x00000007c0000000, 0x00000007c0000000)
  eden space 112640K, 6% used [0x00000007b5580000,0x00000007b5c588f8,0x00000007bc380000)
  from space 19456K, 94% used [0x00000007bc380000,0x00000007bd563f30,0x00000007bd680000)
  to   space 22016K, 0% used [0x00000007bea80000,0x00000007bea80000,0x00000007c0000000)
 ParOldGen       total 110080K, used 59392K [0x00000007a0000000, 0x00000007a6b80000, 0x00000007b5580000)
  object space 110080K, 53% used [0x00000007a0000000,0x00000007a3a00398,0x00000007a6b80000)
 Metaspace       used 54664K, capacity 59482K, committed 59816K, reserved 1101824K
  class space    used 6797K, capacity 8247K, committed 8360K, reserved 1048576K
GC Heap History (10 events):
Event: 7.914 GC heap before
{Heap before GC invocations=12 (full 2):
 PSYoungGen      total 76800K, used 75482K [0x00000007b5580000, 0x00000007bbe80000, 0x00000007c0000000)
  eden space 70144K, 100% used [0x00000007b5580000,0x00000007b9a00000,0x00000007b9a00000)
  from space 6656K, 80% used [0x00000007b9a00000,0x00000007b9f36a30,0x00000007ba080000)
  to   space 6656K, 0% used [0x00000007bb800000,0x00000007bb800000,0x00000007bbe80000)
 ParOldGen       total 51712K, used 12901K [0x00000007a0000000, 0x00000007a3280000, 0x00000007b5580000)
  object space 51712K, 24% used [0x00000007a0000000,0x00000007a0c99768,0x00000007a3280000)
 Metaspace       used 48041K, capacity 51778K, committed 52008K, reserved 1093632K
  class space    used 5858K, capacity 6918K, committed 6952K, reserved 1048576K
Event: 7.935 GC heap after
Heap after GC invocations=12 (full 2):
 PSYoungGen      total 95232K, used 6652K [0x00000007b5580000, 0x00000007bc780000, 0x00000007c0000000)
  eden space 88576K, 0% used [0x00000007b5580000,0x00000007b5580000,0x00000007bac00000)
  from space 6656K, 99% used [0x00000007bb800000,0x00000007bbe7f328,0x00000007bbe80000)
  to   space 12288K, 0% used [0x00000007bac00000,0x00000007bac00000,0x00000007bb800000)
 ParOldGen       total 51712K, used 25758K [0x00000007a0000000, 0x00000007a3280000, 0x00000007b5580000)
  object space 51712K, 49% used [0x00000007a0000000,0x00000007a1927a30,0x00000007a3280000)
 Metaspace       used 48041K, capacity 51778K, committed 52008K, reserved 1093632K
  class space    used 5858K, capacity 6918K, committed 6952K, reserved 1048576K
}
Event: 8.392 GC heap before
{Heap before GC invocations=13 (full 2):
 PSYoungGen      total 95232K, used 95228K [0x00000007b5580000, 0x00000007bc780000, 0x00000007c0000000)
  eden space 88576K, 100% used [0x00000007b5580000,0x00000007bac00000,0x00000007bac00000)
  from space 6656K, 99% used [0x00000007bb800000,0x00000007bbe7f328,0x00000007bbe80000)
  to   space 12288K, 0% used [0x00000007bac00000,0x00000007bac00000,0x00000007bb800000)
 ParOldGen       total 51712K, used 25758K [0x00000007a0000000, 0x00000007a3280000, 0x00000007b5580000)
  object space 51712K, 49% used [0x00000007a0000000,0x00000007a1927a30,0x00000007a3280000)
 Metaspace       used 49264K, capacity 53166K, committed 53288K, reserved 1095680K
  class space    used 6037K, capacity 7110K, committed 7208K, reserved 1048576K
Event: 8.420 GC heap after
Heap after GC invocations=13 (full 2):
 PSYoungGen      total 100864K, used 12266K [0x00000007b5580000, 0x00000007bf000000, 0x00000007c0000000)
  eden space 88576K, 0% used [0x00000007b5580000,0x00000007b5580000,0x00000007bac00000)
  from space 12288K, 99% used [0x00000007bac00000,0x00000007bb7fa810,0x00000007bb800000)
  to   space 19968K, 0% used [0x00000007bdc80000,0x00000007bdc80000,0x00000007bf000000)
 ParOldGen       total 51712K, used 42401K [0x00000007a0000000, 0x00000007a3280000, 0x00000007b5580000)
  object space 51712K, 81% used [0x00000007a0000000,0x00000007a29686f0,0x00000007a3280000)
 Metaspace       used 49264K, capacity 53166K, committed 53288K, reserved 1095680K
  class space    used 6037K, capacity 7110K, committed 7208K, reserved 1048576K
}
Event: 8.421 GC heap before
{Heap before GC invocations=14 (full 3):
 PSYoungGen      total 100864K, used 12266K [0x00000007b5580000, 0x00000007bf000000, 0x00000007c0000000)
  eden space 88576K, 0% used [0x00000007b5580000,0x00000007b5580000,0x00000007bac00000)
  from space 12288K, 99% used [0x00000007bac00000,0x00000007bb7fa810,0x00000007bb800000)
  to   space 19968K, 0% used [0x00000007bdc80000,0x00000007bdc80000,0x00000007bf000000)
 ParOldGen       total 51712K, used 42401K [0x00000007a0000000, 0x00000007a3280000, 0x00000007b5580000)
  object space 51712K, 81% used [0x00000007a0000000,0x00000007a29686f0,0x00000007a3280000)
 Metaspace       used 49264K, capacity 53166K, committed 53288K, reserved 1095680K
  class space    used 6037K, capacity 7110K, committed 7208K, reserved 1048576K
Event: 8.673 GC heap after
Heap after GC invocations=14 (full 3):
 PSYoungGen      total 100864K, used 989K [0x00000007b5580000, 0x00000007bf000000, 0x00000007c0000000)
  eden space 88576K, 0% used [0x00000007b5580000,0x00000007b5580000,0x00000007bac00000)
  from space 12288K, 8% used [0x00000007bac00000,0x00000007bacf7618,0x00000007bb800000)
  to   space 19968K, 0% used [0x00000007bdc80000,0x00000007bdc80000,0x00000007bf000000)
 ParOldGen       total 110080K, used 51241K [0x00000007a0000000, 0x00000007a6b80000, 0x00000007b5580000)
  object space 110080K, 46% used [0x00000007a0000000,0x00000007a320a5b8,0x00000007a6b80000)
 Metaspace       used 49264K, capacity 53166K, committed 53288K, reserved 1095680K
  class space    used 6037K, capacity 7110K, committed 7208K, reserved 1048576K
}
Event: 9.523 GC heap before
{Heap before GC invocations=15 (full 3):
 PSYoungGen      total 100864K, used 89565K [0x00000007b5580000, 0x00000007bf000000, 0x00000007c0000000)
  eden space 88576K, 100% used [0x00000007b5580000,0x00000007bac00000,0x00000007bac00000)
  from space 12288K, 8% used [0x00000007bac00000,0x00000007bacf7618,0x00000007bb800000)
  to   space 19968K, 0% used [0x00000007bdc80000,0x00000007bdc80000,0x00000007bf000000)
 ParOldGen       total 110080K, used 51241K [0x00000007a0000000, 0x00000007a6b80000, 0x00000007b5580000)
  object space 110080K, 46% used [0x00000007a0000000,0x00000007a320a5b8,0x00000007a6b80000)
 Metaspace       used 50999K, capacity 55474K, committed 55848K, reserved 1097728K
  class space    used 6291K, capacity 7599K, committed 7720K, reserved 1048576K
Event: 9.538 GC heap after
Heap after GC invocations=15 (full 3):
 PSYoungGen      total 125952K, used 5892K [0x00000007b5580000, 0x00000007be980000, 0x00000007c0000000)
  eden space 112640K, 0% used [0x00000007b5580000,0x00000007b5580000,0x00000007bc380000)
  from space 13312K, 44% used [0x00000007bdc80000,0x00000007be241160,0x00000007be980000)
  to   space 19456K, 0% used [0x00000007bc380000,0x00000007bc380000,0x00000007bd680000)
 ParOldGen       total 110080K, used 51265K [0x00000007a0000000, 0x00000007a6b80000, 0x00000007b5580000)
  object space 110080K, 46% used [0x00000007a0000000,0x00000007a32105b8,0x00000007a6b80000)
 Metaspace       used 50999K, capacity 55474K, committed 55848K, reserved 1097728K
  class space    used 6291K, capacity 7599K, committed 7720K, reserved 1048576K
}
Event: 13.662 GC heap before
{Heap before GC invocations=16 (full 3):
 PSYoungGen      total 125952K, used 118532K [0x00000007b5580000, 0x00000007be980000, 0x00000007c0000000)
  eden space 112640K, 100% used [0x00000007b5580000,0x00000007bc380000,0x00000007bc380000)
  from space 13312K, 44% used [0x00000007bdc80000,0x00000007be241160,0x00000007be980000)
  to   space 19456K, 0% used [0x00000007bc380000,0x00000007bc380000,0x00000007bd680000)
 ParOldGen       total 110080K, used 51265K [0x00000007a0000000, 0x00000007a6b80000, 0x00000007b5580000)
  object space 110080K, 46% used [0x00000007a0000000,0x00000007a32105b8,0x00000007a6b80000)
 Metaspace       used 54598K, capacity 59322K, committed 59432K, reserved 1099776K
  class space    used 6795K, capacity 8215K, committed 8232K, reserved 1048576K
Event: 13.687 GC heap after
Heap after GC invocations=16 (full 3):
 PSYoungGen      total 132096K, used 18319K [0x00000007b5580000, 0x00000007c0000000, 0x00000007c0000000)
  eden space 112640K, 0% used [0x00000007b5580000,0x00000007b5580000,0x00000007bc380000)
  from space 19456K, 94% used [0x00000007bc380000,0x00000007bd563f30,0x00000007bd680000)
  to   space 22016K, 0% used [0x00000007bea80000,0x00000007bea80000,0x00000007c0000000)
 ParOldGen       total 110080K, used 59392K [0x00000007a0000000, 0x00000007a6b80000, 0x00000007b5580000)
  object space 110080K, 53% used [0x00000007a0000000,0x00000007a3a00398,0x00000007a6b80000)
 Metaspace       used 54598K, capacity 59322K, committed 59432K, reserved 1099776K
  class space    used 6795K, capacity 8215K, committed 8232K, reserved 1048576K
}

