# JRE version: Java(TM) SE Runtime Environment (8.0_171-b11) (build 1.8.0_171-b11)
# Java VM: Java HotSpot(TM) 64-Bit Server VM (25.171-b11 mixed mode bsd-amd64 compressed oops)
Heap:
 PSYoungGen      total 3900416K, used 1104675K [0x00000006d1180000, 0x00000007c0000000, 0x00000007c0000000)
  eden space 3887616K, 28% used [0x00000006d1180000,0x0000000713c4d308,0x00000007be600000)
  from space 12800K, 95% used [0x00000007bf380000,0x00000007bff7ba00,0x00000007c0000000)
  to   space 13312K, 0% used [0x00000007be600000,0x00000007be600000,0x00000007bf300000)
 ParOldGen       total 162304K, used 50177K [0x00000004f3400000, 0x00000004fd280000, 0x00000006d1180000)
  object space 162304K, 30% used [0x00000004f3400000,0x00000004f6500458,0x00000004fd280000)
 Metaspace       used 58216K, capacity 63110K, committed 63384K, reserved 1103872K
  class space    used 7038K, capacity 8514K, committed 8616K, reserved 1048576K
GC Heap History (10 events):
Event: 1169.280 GC heap before
{Heap before GC invocations=387 (full 5):
 PSYoungGen      total 3903488K, used 3902650K [0x00000006d1180000, 0x00000007c0000000, 0x00000007c0000000)
  eden space 3892736K, 100% used [0x00000006d1180000,0x00000007beb00000,0x00000007beb00000)
  from space 10752K, 92% used [0x00000007beb00000,0x00000007bf4ae810,0x00000007bf580000)
  to   space 10752K, 0% used [0x00000007bf580000,0x00000007bf580000,0x00000007c0000000)
 ParOldGen       total 162304K, used 46355K [0x00000004f3400000, 0x00000004fd280000, 0x00000006d1180000)
  object space 162304K, 28% used [0x00000004f3400000,0x00000004f6144d50,0x00000004fd280000)
 Metaspace       used 57831K, capacity 62756K, committed 63000K, reserved 1103872K
  class space    used 6999K, capacity 8480K, committed 8488K, reserved 1048576K
Event: 1169.293 GC heap after
Heap after GC invocations=387 (full 5):
 PSYoungGen      total 3902464K, used 10743K [0x00000006d1180000, 0x00000007c0000000, 0x00000007c0000000)
  eden space 3891712K, 0% used [0x00000006d1180000,0x00000006d1180000,0x00000007bea00000)
  from space 10752K, 99% used [0x00000007bf580000,0x00000007bfffddd0,0x00000007c0000000)
  to   space 11264K, 0% used [0x00000007bea00000,0x00000007bea00000,0x00000007bf500000)
 ParOldGen       total 162304K, used 47833K [0x00000004f3400000, 0x00000004fd280000, 0x00000006d1180000)
  object space 162304K, 29% used [0x00000004f3400000,0x00000004f62b6470,0x00000004fd280000)
 Metaspace       used 57831K, capacity 62756K, committed 63000K, reserved 1103872K
  class space    used 6999K, capacity 8480K, committed 8488K, reserved 1048576K
}
Event: 1174.467 GC heap before
{Heap before GC invocations=388 (full 5):
 PSYoungGen      total 3902464K, used 3902455K [0x00000006d1180000, 0x00000007c0000000, 0x00000007c0000000)
  eden space 3891712K, 100% used [0x00000006d1180000,0x00000007bea00000,0x00000007bea00000)
  from space 10752K, 99% used [0x00000007bf580000,0x00000007bfffddd0,0x00000007c0000000)
  to   space 11264K, 0% used [0x00000007bea00000,0x00000007bea00000,0x00000007bf500000)
 ParOldGen       total 162304K, used 47833K [0x00000004f3400000, 0x00000004fd280000, 0x00000006d1180000)
  object space 162304K, 29% used [0x00000004f3400000,0x00000004f62b6470,0x00000004fd280000)
 Metaspace       used 57854K, capacity 62756K, committed 63000K, reserved 1103872K
  class space    used 6999K, capacity 8480K, committed 8488K, reserved 1048576K
Event: 1174.477 GC heap after
Heap after GC invocations=388 (full 5):
 PSYoungGen      total 3902976K, used 11249K [0x00000006d1180000, 0x00000007c0000000, 0x00000007c0000000)
  eden space 3891712K, 0% used [0x00000006d1180000,0x00000006d1180000,0x00000007bea00000)
  from space 11264K, 99% used [0x00000007bea00000,0x00000007bf4fc770,0x00000007bf500000)
  to   space 11264K, 0% used [0x00000007bf500000,0x00000007bf500000,0x00000007c0000000)
 ParOldGen       total 162304K, used 49069K [0x00000004f3400000, 0x00000004fd280000, 0x00000006d1180000)
  object space 162304K, 30% used [0x00000004f3400000,0x00000004f63eb6f8,0x00000004fd280000)
 Metaspace       used 57854K, capacity 62756K, committed 63000K, reserved 1103872K
  class space    used 6999K, capacity 8480K, committed 8488K, reserved 1048576K
}
Event: 1181.149 GC heap before
{Heap before GC invocations=389 (full 5):
 PSYoungGen      total 3902976K, used 3902961K [0x00000006d1180000, 0x00000007c0000000, 0x00000007c0000000)
  eden space 3891712K, 100% used [0x00000006d1180000,0x00000007bea00000,0x00000007bea00000)
  from space 11264K, 99% used [0x00000007bea00000,0x00000007bf4fc770,0x00000007bf500000)
  to   space 11264K, 0% used [0x00000007bf500000,0x00000007bf500000,0x00000007c0000000)
 ParOldGen       total 162304K, used 49069K [0x00000004f3400000, 0x00000004fd280000, 0x00000006d1180000)
  object space 162304K, 30% used [0x00000004f3400000,0x00000004f63eb6f8,0x00000004fd280000)
 Metaspace       used 57866K, capacity 62758K, committed 63000K, reserved 1103872K
  class space    used 7001K, capacity 8482K, committed 8488K, reserved 1048576K
Event: 1181.166 GC heap after
Heap after GC invocations=389 (full 5):
 PSYoungGen      total 3899904K, used 11246K [0x00000006d1180000, 0x00000007c0000000, 0x00000007c0000000)
  eden space 3888640K, 0% used [0x00000006d1180000,0x00000006d1180000,0x00000007be700000)
  from space 11264K, 99% used [0x00000007bf500000,0x00000007bfffba60,0x00000007c0000000)
  to   space 12800K, 0% used [0x00000007be700000,0x00000007be700000,0x00000007bf380000)
 ParOldGen       total 162304K, used 50177K [0x00000004f3400000, 0x00000004fd280000, 0x00000006d1180000)
  object space 162304K, 30% used [0x00000004f3400000,0x00000004f6500458,0x00000004fd280000)
 Metaspace       used 57866K, capacity 62758K, committed 63000K, reserved 1103872K
  class space    used 7001K, capacity 8482K, committed 8488K, reserved 1048576K
}
Event: 1186.598 GC heap before
{Heap before GC invocations=390 (full 5):
 PSYoungGen      total 3899904K, used 3899886K [0x00000006d1180000, 0x00000007c0000000, 0x00000007c0000000)
  eden space 3888640K, 100% used [0x00000006d1180000,0x00000007be700000,0x00000007be700000)
  from space 11264K, 99% used [0x00000007bf500000,0x00000007bfffba60,0x00000007c0000000)
  to   space 12800K, 0% used [0x00000007be700000,0x00000007be700000,0x00000007bf380000)
 ParOldGen       total 162304K, used 50177K [0x00000004f3400000, 0x00000004fd280000, 0x00000006d1180000)
  object space 162304K, 30% used [0x00000004f3400000,0x00000004f6500458,0x00000004fd280000)
 Metaspace       used 57868K, capacity 62758K, committed 63000K, reserved 1103872K
  class space    used 7001K, capacity 8482K, committed 8488K, reserved 1048576K
Event: 1186.609 GC heap after
Heap after GC invocations=390 (full 5):
 PSYoungGen      total 3901440K, used 11786K [0x00000006d1180000, 0x00000007c0000000, 0x00000007c0000000)
  eden space 3888640K, 0% used [0x00000006d1180000,0x00000006d1180000,0x00000007be700000)
  from space 12800K, 92% used [0x00000007be700000,0x00000007bf2829e8,0x00000007bf380000)
  to   space 12800K, 0% used [0x00000007bf380000,0x00000007bf380000,0x00000007c0000000)
 ParOldGen       total 162304K, used 50177K [0x00000004f3400000, 0x00000004fd280000, 0x00000006d1180000)
  object space 162304K, 30% used [0x00000004f3400000,0x00000004f6500458,0x00000004fd280000)
 Metaspace       used 57868K, capacity 62758K, committed 63000K, reserved 1103872K
  class space    used 7001K, capacity 8482K, committed 8488K, reserved 1048576K
}
Event: 1192.735 GC heap before
{Heap before GC invocations=391 (full 5):
 PSYoungGen      total 3901440K, used 3900426K [0x00000006d1180000, 0x00000007c0000000, 0x00000007c0000000)
  eden space 3888640K, 100% used [0x00000006d1180000,0x00000007be700000,0x00000007be700000)
  from space 12800K, 92% used [0x00000007be700000,0x00000007bf2829e8,0x00000007bf380000)
  to   space 12800K, 0% used [0x00000007bf380000,0x00000007bf380000,0x00000007c0000000)
 ParOldGen       total 162304K, used 50177K [0x00000004f3400000, 0x00000004fd280000, 0x00000006d1180000)
  object space 162304K, 30% used [0x00000004f3400000,0x00000004f6500458,0x00000004fd280000)
 Metaspace       used 57869K, capacity 62758K, committed 63000K, reserved 1103872K
  class space    used 7001K, capacity 8482K, committed 8488K, reserved 1048576K
Event: 1192.742 GC heap after
Heap after GC invocations=391 (full 5):
 PSYoungGen      total 3900416K, used 12270K [0x00000006d1180000, 0x00000007c0000000, 0x00000007c0000000)
  eden space 3887616K, 0% used [0x00000006d1180000,0x00000006d1180000,0x00000007be600000)
  from space 12800K, 95% used [0x00000007bf380000,0x00000007bff7ba00,0x00000007c0000000)
  to   space 13312K, 0% used [0x00000007be600000,0x00000007be600000,0x00000007bf300000)
 ParOldGen       total 162304K, used 50177K [0x00000004f3400000, 0x00000004fd280000, 0x00000006d1180000)
  object space 162304K, 30% used [0x00000004f3400000,0x00000004f6500458,0x00000004fd280000)
 Metaspace       used 57869K, capacity 62758K, committed 63000K, reserved 1103872K
  class space    used 7001K, capacity 8482K, committed 8488K, reserved 1048576K
}

