# JRE version: Java(TM) SE Runtime Environment (8.0_171-b11) (build 1.8.0_171-b11)
# Java VM: Java HotSpot(TM) 64-Bit Server VM (25.171-b11 mixed mode bsd-amd64 compressed oops)
Heap:
 PSYoungGen      total 3765248K, used 1662426K [0x00000006d1180000, 0x00000007b8800000, 0x00000007c0000000)
  eden space 3739648K, 43% used [0x00000006d1180000,0x00000007356b4068,0x00000007b5580000)
  from space 25600K, 73% used [0x00000007b6e00000,0x00000007b8042a50,0x00000007b8700000)
  to   space 25088K, 0% used [0x00000007b5580000,0x00000007b5580000,0x00000007b6e00000)
 ParOldGen       total 658432K, used 596142K [0x00000004f3400000, 0x000000051b700000, 0x00000006d1180000)
  object space 658432K, 90% used [0x00000004f3400000,0x0000000517a2b9f0,0x000000051b700000)
 Metaspace       used 60414K, capacity 65242K, committed 65448K, reserved 1105920K
  class space    used 7369K, capacity 8850K, committed 8872K, reserved 1048576K
GC Heap History (10 events):
Event: 666.008 GC heap before
{Heap before GC invocations=459 (full 7):
 PSYoungGen      total 3725824K, used 3715828K [0x00000006d1180000, 0x00000007b7300000, 0x00000007c0000000)
  eden space 3697152K, 100% used [0x00000006d1180000,0x00000007b2c00000,0x00000007b2c00000)
  from space 28672K, 65% used [0x00000007b2c00000,0x00000007b3e3d110,0x00000007b4800000)
  to   space 27648K, 0% used [0x00000007b5800000,0x00000007b5800000,0x00000007b7300000)
 ParOldGen       total 658432K, used 596022K [0x00000004f3400000, 0x000000051b700000, 0x00000006d1180000)
  object space 658432K, 90% used [0x00000004f3400000,0x0000000517a0db60,0x000000051b700000)
 Metaspace       used 60363K, capacity 65236K, committed 65448K, reserved 1105920K
  class space    used 7368K, capacity 8849K, committed 8872K, reserved 1048576K
Event: 666.023 GC heap after
Heap after GC invocations=459 (full 7):
 PSYoungGen      total 3740160K, used 18711K [0x00000006d1180000, 0x00000007b7180000, 0x00000007c0000000)
  eden space 3714048K, 0% used [0x00000006d1180000,0x00000006d1180000,0x00000007b3c80000)
  from space 26112K, 71% used [0x00000007b5800000,0x00000007b6a45df0,0x00000007b7180000)
  to   space 27136K, 0% used [0x00000007b3c80000,0x00000007b3c80000,0x00000007b5700000)
 ParOldGen       total 658432K, used 596086K [0x00000004f3400000, 0x000000051b700000, 0x00000006d1180000)
  object space 658432K, 90% used [0x00000004f3400000,0x0000000517a1d9f0,0x000000051b700000)
 Metaspace       used 60363K, capacity 65236K, committed 65448K, reserved 1105920K
  class space    used 7368K, capacity 8849K, committed 8872K, reserved 1048576K
}
Event: 671.856 GC heap before
{Heap before GC invocations=460 (full 7):
 PSYoungGen      total 3740160K, used 3732759K [0x00000006d1180000, 0x00000007b7180000, 0x00000007c0000000)
  eden space 3714048K, 100% used [0x00000006d1180000,0x00000007b3c80000,0x00000007b3c80000)
  from space 26112K, 71% used [0x00000007b5800000,0x00000007b6a45df0,0x00000007b7180000)
  to   space 27136K, 0% used [0x00000007b3c80000,0x00000007b3c80000,0x00000007b5700000)
 ParOldGen       total 658432K, used 596086K [0x00000004f3400000, 0x000000051b700000, 0x00000006d1180000)
  object space 658432K, 90% used [0x00000004f3400000,0x0000000517a1d9f0,0x000000051b700000)
 Metaspace       used 60386K, capacity 65236K, committed 65448K, reserved 1105920K
  class space    used 7368K, capacity 8849K, committed 8872K, reserved 1048576K
Event: 671.870 GC heap after
Heap after GC invocations=460 (full 7):
 PSYoungGen      total 3741184K, used 18768K [0x00000006d1180000, 0x00000007b8000000, 0x00000007c0000000)
  eden space 3714048K, 0% used [0x00000006d1180000,0x00000006d1180000,0x00000007b3c80000)
  from space 27136K, 69% used [0x00000007b3c80000,0x00000007b4ed41e0,0x00000007b5700000)
  to   space 26624K, 0% used [0x00000007b6600000,0x00000007b6600000,0x00000007b8000000)
 ParOldGen       total 658432K, used 596110K [0x00000004f3400000, 0x000000051b700000, 0x00000006d1180000)
  object space 658432K, 90% used [0x00000004f3400000,0x0000000517a239f0,0x000000051b700000)
 Metaspace       used 60386K, capacity 65236K, committed 65448K, reserved 1105920K
  class space    used 7368K, capacity 8849K, committed 8872K, reserved 1048576K
}
Event: 682.048 GC heap before
{Heap before GC invocations=461 (full 7):
 PSYoungGen      total 3741184K, used 3732816K [0x00000006d1180000, 0x00000007b8000000, 0x00000007c0000000)
  eden space 3714048K, 100% used [0x00000006d1180000,0x00000007b3c80000,0x00000007b3c80000)
  from space 27136K, 69% used [0x00000007b3c80000,0x00000007b4ed41e0,0x00000007b5700000)
  to   space 26624K, 0% used [0x00000007b6600000,0x00000007b6600000,0x00000007b8000000)
 ParOldGen       total 658432K, used 596110K [0x00000004f3400000, 0x000000051b700000, 0x00000006d1180000)
  object space 658432K, 90% used [0x00000004f3400000,0x0000000517a239f0,0x000000051b700000)
 Metaspace       used 60391K, capacity 65242K, committed 65448K, reserved 1105920K
  class space    used 7369K, capacity 8850K, committed 8872K, reserved 1048576K
Event: 682.065 GC heap after
Heap after GC invocations=461 (full 7):
 PSYoungGen      total 3751424K, used 20008K [0x00000006d1180000, 0x00000007b7d00000, 0x00000007c0000000)
  eden space 3727872K, 0% used [0x00000006d1180000,0x00000006d1180000,0x00000007b4a00000)
  from space 23552K, 84% used [0x00000007b6600000,0x00000007b798a2c8,0x00000007b7d00000)
  to   space 26112K, 0% used [0x00000007b4a00000,0x00000007b4a00000,0x00000007b6380000)
 ParOldGen       total 658432K, used 596118K [0x00000004f3400000, 0x000000051b700000, 0x00000006d1180000)
  object space 658432K, 90% used [0x00000004f3400000,0x0000000517a259f0,0x000000051b700000)
 Metaspace       used 60391K, capacity 65242K, committed 65448K, reserved 1105920K
  class space    used 7369K, capacity 8850K, committed 8872K, reserved 1048576K
}
Event: 702.204 GC heap before
{Heap before GC invocations=462 (full 7):
 PSYoungGen      total 3751424K, used 3747880K [0x00000006d1180000, 0x00000007b7d00000, 0x00000007c0000000)
  eden space 3727872K, 100% used [0x00000006d1180000,0x00000007b4a00000,0x00000007b4a00000)
  from space 23552K, 84% used [0x00000007b6600000,0x00000007b798a2c8,0x00000007b7d00000)
  to   space 26112K, 0% used [0x00000007b4a00000,0x00000007b4a00000,0x00000007b6380000)
 ParOldGen       total 658432K, used 596118K [0x00000004f3400000, 0x000000051b700000, 0x00000006d1180000)
  object space 658432K, 90% used [0x00000004f3400000,0x0000000517a259f0,0x000000051b700000)
 Metaspace       used 60412K, capacity 65242K, committed 65448K, reserved 1105920K
  class space    used 7369K, capacity 8850K, committed 8872K, reserved 1048576K
Event: 702.219 GC heap after
Heap after GC invocations=462 (full 7):
 PSYoungGen      total 3753984K, used 18756K [0x00000006d1180000, 0x00000007b8700000, 0x00000007c0000000)
  eden space 3727872K, 0% used [0x00000006d1180000,0x00000006d1180000,0x00000007b4a00000)
  from space 26112K, 71% used [0x00000007b4a00000,0x00000007b5c512c8,0x00000007b6380000)
  to   space 25600K, 0% used [0x00000007b6e00000,0x00000007b6e00000,0x00000007b8700000)
 ParOldGen       total 658432K, used 596126K [0x00000004f3400000, 0x000000051b700000, 0x00000006d1180000)
  object space 658432K, 90% used [0x00000004f3400000,0x0000000517a279f0,0x000000051b700000)
 Metaspace       used 60412K, capacity 65242K, committed 65448K, reserved 1105920K
  class space    used 7369K, capacity 8850K, committed 8872K, reserved 1048576K
}
Event: 705.321 GC heap before
{Heap before GC invocations=463 (full 7):
 PSYoungGen      total 3753984K, used 3746628K [0x00000006d1180000, 0x00000007b8700000, 0x00000007c0000000)
  eden space 3727872K, 100% used [0x00000006d1180000,0x00000007b4a00000,0x00000007b4a00000)
  from space 26112K, 71% used [0x00000007b4a00000,0x00000007b5c512c8,0x00000007b6380000)
  to   space 25600K, 0% used [0x00000007b6e00000,0x00000007b6e00000,0x00000007b8700000)
 ParOldGen       total 658432K, used 596126K [0x00000004f3400000, 0x000000051b700000, 0x00000006d1180000)
  object space 658432K, 90% used [0x00000004f3400000,0x0000000517a279f0,0x000000051b700000)
 Metaspace       used 60412K, capacity 65242K, committed 65448K, reserved 1105920K
  class space    used 7369K, capacity 8850K, committed 8872K, reserved 1048576K
Event: 705.334 GC heap after
Heap after GC invocations=463 (full 7):
 PSYoungGen      total 3765248K, used 18698K [0x00000006d1180000, 0x00000007b8800000, 0x00000007c0000000)
  eden space 3739648K, 0% used [0x00000006d1180000,0x00000006d1180000,0x00000007b5580000)
  from space 25600K, 73% used [0x00000007b6e00000,0x00000007b8042a50,0x00000007b8700000)
  to   space 25088K, 0% used [0x00000007b5580000,0x00000007b5580000,0x00000007b6e00000)
 ParOldGen       total 658432K, used 596142K [0x00000004f3400000, 0x000000051b700000, 0x00000006d1180000)
  object space 658432K, 90% used [0x00000004f3400000,0x0000000517a2b9f0,0x000000051b700000)
 Metaspace       used 60412K, capacity 65242K, committed 65448K, reserved 1105920K
  class space    used 7369K, capacity 8850K, committed 8872K, reserved 1048576K
}

